snaptime_android/SnapTime/app/build/intermediates/manifest_merge_blame_file/debug/manifest-merger-blame-debug-report.txt
1<?xml version="1.0" encoding="utf-8"?>
2<manifest xmlns:android="http://schemas.android.com/apk/res/android"
3    package="co.kr.snaptime"
4    android:versionCode="1"
5    android:versionName="1.0" >
6
7    <uses-sdk
8        android:minSdkVersion="24"
8-->src/main/AndroidManifest.xml
9        android:targetSdkVersion="33" />
9-->src/main/AndroidManifest.xml
10
11    <application
11-->src/main/AndroidManifest.xml:5:5-26:19
12        android:allowBackup="true"
12-->src/main/AndroidManifest.xml:6:9-35
13        android:appComponentFactory="androidx.core.app.CoreComponentFactory"
13-->[androidx.core:core:1.8.0] AndroidManifest.xml:24:18-86
14        android:dataExtractionRules="@xml/data_extraction_rules"
14-->src/main/AndroidManifest.xml:7:9-65
15        android:debuggable="true"
16        android:extractNativeLibs="false"
17        android:fullBackupContent="@xml/backup_rules"
17-->src/main/AndroidManifest.xml:8:9-54
18        android:icon="@mipmap/ic_launcher"
18-->src/main/AndroidManifest.xml:9:9-43
19        android:label="@string/app_name"
19-->src/main/AndroidManifest.xml:10:9-41
20        android:roundIcon="@mipmap/ic_launcher_round"
20-->src/main/AndroidManifest.xml:11:9-54
21        android:supportsRtl="true"
21-->src/main/AndroidManifest.xml:12:9-35
22        android:testOnly="true"
23        android:theme="@style/Theme.SnapTime" >
23-->src/main/AndroidManifest.xml:13:9-46
24        <activity
24-->src/main/AndroidManifest.xml:15:9-25:20
25            android:name="co.kr.snaptime.MainActivity"
25-->src/main/AndroidManifest.xml:16:13-41
26            android:exported="true"
26-->src/main/AndroidManifest.xml:17:13-36
27            android:label="@string/app_name"
27-->src/main/AndroidManifest.xml:18:13-45
28            android:theme="@style/Theme.SnapTime" >
28-->src/main/AndroidManifest.xml:19:13-50
29            <intent-filter>
29-->src/main/AndroidManifest.xml:20:13-24:29
30                <action android:name="android.intent.action.MAIN" />
30-->src/main/AndroidManifest.xml:21:17-69
30-->src/main/AndroidManifest.xml:21:25-66
31
32                <category android:name="android.intent.category.LAUNCHER" />
32-->src/main/AndroidManifest.xml:23:17-77
32-->src/main/AndroidManifest.xml:23:27-74
33            </intent-filter>
34        </activity>
35        <activity
35-->[androidx.compose.ui:ui-tooling:1.3.0] AndroidManifest.xml:23:9-25:39
36            android:name="androidx.compose.ui.tooling.PreviewActivity"
36-->[androidx.compose.ui:ui-tooling:1.3.0] AndroidManifest.xml:24:13-71
37            android:exported="true" />
37-->[androidx.compose.ui:ui-tooling:1.3.0] AndroidManifest.xml:25:13-36
38
39        <service
39-->[androidx.camera:camera-camera2:1.3.0-alpha04] AndroidManifest.xml:24:9-33:19
40            android:name="androidx.camera.core.impl.MetadataHolderService"
40-->[androidx.camera:camera-camera2:1.3.0-alpha04] AndroidManifest.xml:25:13-75
41            android:enabled="false"
41-->[androidx.camera:camera-camera2:1.3.0-alpha04] AndroidManifest.xml:26:13-36
42            android:exported="false" >
42-->[androidx.camera:camera-camera2:1.3.0-alpha04] AndroidManifest.xml:27:13-37
43            <meta-data
43-->[androidx.camera:camera-camera2:1.3.0-alpha04] AndroidManifest.xml:30:13-32:89
44                android:name="androidx.camera.core.impl.MetadataHolderService.DEFAULT_CONFIG_PROVIDER"
44-->[androidx.camera:camera-camera2:1.3.0-alpha04] AndroidManifest.xml:31:17-103
45                android:value="androidx.camera.camera2.Camera2Config$DefaultProvider" />
45-->[androidx.camera:camera-camera2:1.3.0-alpha04] AndroidManifest.xml:32:17-86
46        </service>
47
48        <activity
48-->[androidx.compose.ui:ui-test-manifest:1.3.0] AndroidManifest.xml:23:9-25:39
49            android:name="androidx.activity.ComponentActivity"
49-->[androidx.compose.ui:ui-test-manifest:1.3.0] AndroidManifest.xml:24:13-63
50            android:exported="true" />
50-->[androidx.compose.ui:ui-test-manifest:1.3.0] AndroidManifest.xml:25:13-36
51
52        <provider
52-->[androidx.profileinstaller:profileinstaller:1.2.0] AndroidManifest.xml:25:9-33:20
53            android:name="androidx.startup.InitializationProvider"
53-->[androidx.profileinstaller:profileinstaller:1.2.0] AndroidManifest.xml:26:13-67
54            android:authorities="co.kr.snaptime.androidx-startup"
54-->[androidx.profileinstaller:profileinstaller:1.2.0] AndroidManifest.xml:27:13-68
55            android:exported="false" >
55-->[androidx.profileinstaller:profileinstaller:1.2.0] AndroidManifest.xml:28:13-37
56            <meta-data
56-->[androidx.profileinstaller:profileinstaller:1.2.0] AndroidManifest.xml:30:13-32:52
57                android:name="androidx.profileinstaller.ProfileInstallerInitializer"
57-->[androidx.profileinstaller:profileinstaller:1.2.0] AndroidManifest.xml:31:17-85
58                android:value="androidx.startup" />
58-->[androidx.profileinstaller:profileinstaller:1.2.0] AndroidManifest.xml:32:17-49
59        </provider>
60
61        <receiver
61-->[androidx.profileinstaller:profileinstaller:1.2.0] AndroidManifest.xml:35:9-47:20
62            android:name="androidx.profileinstaller.ProfileInstallReceiver"
62-->[androidx.profileinstaller:profileinstaller:1.2.0] AndroidManifest.xml:36:13-76
63            android:directBootAware="false"
63-->[androidx.profileinstaller:profileinstaller:1.2.0] AndroidManifest.xml:37:13-44
64            android:enabled="true"
64-->[androidx.profileinstaller:profileinstaller:1.2.0] AndroidManifest.xml:38:13-35
65            android:exported="true"
65-->[androidx.profileinstaller:profileinstaller:1.2.0] AndroidManifest.xml:39:13-36
66            android:permission="android.permission.DUMP" >
66-->[androidx.profileinstaller:profileinstaller:1.2.0] AndroidManifest.xml:40:13-57
67            <intent-filter>
67-->[androidx.profileinstaller:profileinstaller:1.2.0] AndroidManifest.xml:41:13-43:29
68                <action android:name="androidx.profileinstaller.action.INSTALL_PROFILE" />
68-->[androidx.profileinstaller:profileinstaller:1.2.0] AndroidManifest.xml:42:17-91
68-->[androidx.profileinstaller:profileinstaller:1.2.0] AndroidManifest.xml:42:25-88
69            </intent-filter>
70            <intent-filter>
70-->[androidx.profileinstaller:profileinstaller:1.2.0] AndroidManifest.xml:44:13-46:29
71                <action android:name="androidx.profileinstaller.action.SKIP_FILE" />
71-->[androidx.profileinstaller:profileinstaller:1.2.0] AndroidManifest.xml:45:17-85
71-->[androidx.profileinstaller:profileinstaller:1.2.0] AndroidManifest.xml:45:25-82
72            </intent-filter>
73        </receiver>
74    </application>
75
76</manifest>